<?xml version="1.0" encoding="UTF-8"?>
<!-- Generated by org.testng.reporters.JUnitReportReporter -->
<testsuite hostname="MWDH-Work2" failures="0" tests="2" name="ass2W11D5.TouchActionsinAppium.AppTest" time="43.358" errors="0" timestamp="2022-09-07T01:25:00 AST" skipped="0">
  <testcase classname="ass2W11D5.TouchActionsinAppium.AppTest" name="TestDragandDrop" time="25.770"/>
  <system-out/>
  <testcase classname="ass2W11D5.TouchActionsinAppium.AppTest" name="TestSwipe" time="17.588"/>
  <system-out/>
</testsuite> <!-- ass2W11D5.TouchActionsinAppium.AppTest -->
